<?xml version="1.0" encoding="UTF-8"?>
<testng-results ignored="0" total="1" passed="1" failed="0" skipped="0">
  <reporter-output>
  </reporter-output>
  <suite started-at="2024-08-27T10:17:57 IST" name="Default suite" finished-at="2024-08-27T10:18:23 IST" duration-ms="26748">
    <groups>
    </groups>
    <test started-at="2024-08-27T10:17:57 IST" name="Default test" finished-at="2024-08-27T10:18:23 IST" duration-ms="26748">
      <class name="Testpckg.FBTestpage">
        <test-method is-config="true" signature="OpenWindow()[pri:0, instance:Testpckg.FBTestpage@79e4c792]" started-at="2024-08-27T10:17:57 IST" name="OpenWindow" finished-at="2024-08-27T10:18:07 IST" duration-ms="10453" status="PASS">
          <reporter-output>
          </reporter-output>
        </test-method> <!-- OpenWindow -->
        <test-method signature="FBCredentials()[pri:0, instance:Testpckg.FBTestpage@79e4c792]" started-at="2024-08-27T10:18:07 IST" name="FBCredentials" finished-at="2024-08-27T10:18:23 IST" duration-ms="16058" status="PASS">
          <reporter-output>
          </reporter-output>
        </test-method> <!-- FBCredentials -->
      </class> <!-- Testpckg.FBTestpage -->
    </test> <!-- Default test -->
  </suite> <!-- Default suite -->
</testng-results>
